<?xml version="1.0" encoding="UTF-8"?>
<testsuite name="com.restful.booker.bookinginfo.CreateBookingDataDrivenTest" time="10.795" tests="100" errors="0" skipped="0" failures="0">
  <properties>
[...]
</properties>
  <testcase name="createMultipleBookings[34]" classname="com.restful.booker.bookinginfo.CreateBookingDataDrivenTest" time="0.655"/>
  <testcase name="createMultipleBookings[33]" classname="com.restful.booker.bookinginfo.CreateBookingDataDrivenTest" time="0.026"/>
  <testcase name="createMultipleBookings[27]" classname="com.restful.booker.bookinginfo.CreateBookingDataDrivenTest" time="0.027"/>
  <testcase name="createMultipleBookings[25]" classname="com.restful.booker.bookinginfo.CreateBookingDataDrivenTest" time="0.004"/>
  <testcase name="createMultipleBookings[17]" classname="com.restful.booker.bookinginfo.CreateBookingDataDrivenTest" time="0"/>
  <testcase name="createMultipleBookings[5]" classname="com.restful.booker.bookinginfo.CreateBookingDataDrivenTest" time="0"/>
  <testcase name="createMultipleBookings[43]" classname="com.restful.booker.bookinginfo.CreateBookingDataDrivenTest" time="0"/>
  <testcase name="createMultipleBookings[51]" classname="com.restful.booker.bookinginfo.CreateBookingDataDrivenTest" time="0.019"/>
  <testcase name="createMultipleBookings[29]" classname="com.restful.booker.bookinginfo.CreateBookingDataDrivenTest" time="0"/>
  <testcase name="createMultipleBookings[9]" classname="com.restful.booker.bookinginfo.CreateBookingDataDrivenTest" time="0.013"/>
  <testcase name="createMultipleBookings[47]" classname="com.restful.booker.bookinginfo.CreateBookingDataDrivenTest" time="0"/>
  <testcase name="createMultipleBookings[35]" classname="com.restful.booker.bookinginfo.CreateBookingDataDrivenTest" time="0.001"/>
  <testcase name="createMultipleBookings[31]" classname="com.restful.booker.bookinginfo.CreateBookingDataDrivenTest" time="0.011"/>
  <testcase name="createMultipleBookings[26]" classname="com.restful.booker.bookinginfo.CreateBookingDataDrivenTest" time="0.011"/>
  <testcase name="createMultipleBookings[32]" classname="com.restful.booker.bookinginfo.CreateBookingDataDrivenTest" time="0.011"/>
  <testcase name="createMultipleBookings[11]" classname="com.restful.booker.bookinginfo.CreateBookingDataDrivenTest" time="0.012"/>
  <testcase name="createMultipleBookings[7]" classname="com.restful.booker.bookinginfo.CreateBookingDataDrivenTest" time="0.012"/>
  <testcase name="createMultipleBookings[21]" classname="com.restful.booker.bookinginfo.CreateBookingDataDrivenTest" time="0.013"/>
  <testcase name="createMultipleBookings[0]" classname="com.restful.booker.bookinginfo.CreateBookingDataDrivenTest" time="0.016"/>
  <testcase name="createMultipleBookings[30]" classname="com.restful.booker.bookinginfo.CreateBookingDataDrivenTest" time="0.017"/>
  <testcase name="createMultipleBookings[18]" classname="com.restful.booker.bookinginfo.CreateBookingDataDrivenTest" time="0"/>
  <testcase name="createMultipleBookings[63]" classname="com.restful.booker.bookinginfo.CreateBookingDataDrivenTest" time="0"/>
  <testcase name="createMultipleBookings[55]" classname="com.restful.booker.bookinginfo.CreateBookingDataDrivenTest" time="0"/>
  <testcase name="createMultipleBookings[52]" classname="com.restful.booker.bookinginfo.CreateBookingDataDrivenTest" time="0"/>
  <testcase name="createMultipleBookings[10]" classname="com.restful.booker.bookinginfo.CreateBookingDataDrivenTest" time="0.006"/>
  <testcase name="createMultipleBookings[57]" classname="com.restful.booker.bookinginfo.CreateBookingDataDrivenTest" time="0"/>
  <testcase name="createMultipleBookings[44]" classname="com.restful.booker.bookinginfo.CreateBookingDataDrivenTest" time="0"/>
  <testcase name="createMultipleBookings[50]" classname="com.restful.booker.bookinginfo.CreateBookingDataDrivenTest" time="0"/>
  <testcase name="createMultipleBookings[48]" classname="com.restful.booker.bookinginfo.CreateBookingDataDrivenTest" time="0.001"/>
  <testcase name="createMultipleBookings[53]" classname="com.restful.booker.bookinginfo.CreateBookingDataDrivenTest" time="0.001"/>
  <testcase name="createMultipleBookings[20]" classname="com.restful.booker.bookinginfo.CreateBookingDataDrivenTest" time="0.001"/>
  <testcase name="createMultipleBookings[62]" classname="com.restful.booker.bookinginfo.CreateBookingDataDrivenTest" time="0.002"/>
  <testcase name="createMultipleBookings[61]" classname="com.restful.booker.bookinginfo.CreateBookingDataDrivenTest" time="0.002"/>
  <testcase name="createMultipleBookings[46]" classname="com.restful.booker.bookinginfo.CreateBookingDataDrivenTest" time="0.009"/>
  <testcase name="createMultipleBookings[54]" classname="com.restful.booker.bookinginfo.CreateBookingDataDrivenTest" time="0.009"/>
  <testcase name="createMultipleBookings[58]" classname="com.restful.booker.bookinginfo.CreateBookingDataDrivenTest" time="0.01"/>
  <testcase name="createMultipleBookings[16]" classname="com.restful.booker.bookinginfo.CreateBookingDataDrivenTest" time="0.011"/>
  <testcase name="createMultipleBookings[37]" classname="com.restful.booker.bookinginfo.CreateBookingDataDrivenTest" time="0.015"/>
  <testcase name="createMultipleBookings[15]" classname="com.restful.booker.bookinginfo.CreateBookingDataDrivenTest" time="0.016"/>
  <testcase name="createMultipleBookings[6]" classname="com.restful.booker.bookinginfo.CreateBookingDataDrivenTest" time="0.016"/>
  <testcase name="createMultipleBookings[41]" classname="com.restful.booker.bookinginfo.CreateBookingDataDrivenTest" time="0.018"/>
  <testcase name="createMultipleBookings[49]" classname="com.restful.booker.bookinginfo.CreateBookingDataDrivenTest" time="0.021"/>
  <testcase name="createMultipleBookings[14]" classname="com.restful.booker.bookinginfo.CreateBookingDataDrivenTest" time="0"/>
  <testcase name="createMultipleBookings[59]" classname="com.restful.booker.bookinginfo.CreateBookingDataDrivenTest" time="0"/>
  <testcase name="createMultipleBookings[56]" classname="com.restful.booker.bookinginfo.CreateBookingDataDrivenTest" time="0"/>
  <testcase name="createMultipleBookings[24]" classname="com.restful.booker.bookinginfo.CreateBookingDataDrivenTest" time="0"/>
  <testcase name="createMultipleBookings[40]" classname="com.restful.booker.bookinginfo.CreateBookingDataDrivenTest" time="0.001"/>
  <testcase name="createMultipleBookings[39]" classname="com.restful.booker.bookinginfo.CreateBookingDataDrivenTest" time="0.002"/>
  <testcase name="createMultipleBookings[19]" classname="com.restful.booker.bookinginfo.CreateBookingDataDrivenTest" time="0.002"/>
  <testcase name="createMultipleBookings[42]" classname="com.restful.booker.bookinginfo.CreateBookingDataDrivenTest" time="0.001"/>
  <testcase name="createMultipleBookings[22]" classname="com.restful.booker.bookinginfo.CreateBookingDataDrivenTest" time="0"/>
  <testcase name="createMultipleBookings[28]" classname="com.restful.booker.bookinginfo.CreateBookingDataDrivenTest" time="0.001"/>
  <testcase name="createMultipleBookings[45]" classname="com.restful.booker.bookinginfo.CreateBookingDataDrivenTest" time="0.001"/>
  <testcase name="createMultipleBookings[60]" classname="com.restful.booker.bookinginfo.CreateBookingDataDrivenTest" time="0"/>
  <testcase name="createMultipleBookings[13]" classname="com.restful.booker.bookinginfo.CreateBookingDataDrivenTest" time="0.001"/>
  <testcase name="createMultipleBookings[8]" classname="com.restful.booker.bookinginfo.CreateBookingDataDrivenTest" time="0.004"/>
  <testcase name="createMultipleBookings[2]" classname="com.restful.booker.bookinginfo.CreateBookingDataDrivenTest" time="0.005"/>
  <testcase name="createMultipleBookings[38]" classname="com.restful.booker.bookinginfo.CreateBookingDataDrivenTest" time="0.006"/>
  <testcase name="createMultipleBookings[12]" classname="com.restful.booker.bookinginfo.CreateBookingDataDrivenTest" time="0.008"/>
  <testcase name="createMultipleBookings[23]" classname="com.restful.booker.bookinginfo.CreateBookingDataDrivenTest" time="0"/>
  <testcase name="createMultipleBookings[3]" classname="com.restful.booker.bookinginfo.CreateBookingDataDrivenTest" time="0.101"/>
  <testcase name="createMultipleBookings[1]" classname="com.restful.booker.bookinginfo.CreateBookingDataDrivenTest" time="0.022"/>
  <testcase name="createMultipleBookings[36]" classname="com.restful.booker.bookinginfo.CreateBookingDataDrivenTest" time="0.041"/>
  <testcase name="createMultipleBookings[64]" classname="com.restful.booker.bookinginfo.CreateBookingDataDrivenTest" time="0.016"/>
  <testcase name="createMultipleBookings[65]" classname="com.restful.booker.bookinginfo.CreateBookingDataDrivenTest" time="0.002"/>
  <testcase name="createMultipleBookings[4]" classname="com.restful.booker.bookinginfo.CreateBookingDataDrivenTest" time="0.024"/>
  <testcase name="createMultipleBookings[67]" classname="com.restful.booker.bookinginfo.CreateBookingDataDrivenTest" time="0.068"/>
  <testcase name="createMultipleBookings[66]" classname="com.restful.booker.bookinginfo.CreateBookingDataDrivenTest" time="0.069"/>
  <testcase name="createMultipleBookings[78]" classname="com.restful.booker.bookinginfo.CreateBookingDataDrivenTest" time="0.07"/>
  <testcase name="createMultipleBookings[69]" classname="com.restful.booker.bookinginfo.CreateBookingDataDrivenTest" time="0.075"/>
  <testcase name="createMultipleBookings[68]" classname="com.restful.booker.bookinginfo.CreateBookingDataDrivenTest" time="0.116"/>
  <testcase name="createMultipleBookings[93]" classname="com.restful.booker.bookinginfo.CreateBookingDataDrivenTest" time="0.125"/>
  <testcase name="createMultipleBookings[71]" classname="com.restful.booker.bookinginfo.CreateBookingDataDrivenTest" time="0.125"/>
  <testcase name="createMultipleBookings[86]" classname="com.restful.booker.bookinginfo.CreateBookingDataDrivenTest" time="0.126"/>
  <testcase name="createMultipleBookings[96]" classname="com.restful.booker.bookinginfo.CreateBookingDataDrivenTest" time="0.126"/>
  <testcase name="createMultipleBookings[90]" classname="com.restful.booker.bookinginfo.CreateBookingDataDrivenTest" time="0.13"/>
  <testcase name="createMultipleBookings[95]" classname="com.restful.booker.bookinginfo.CreateBookingDataDrivenTest" time="0.13"/>
  <testcase name="createMultipleBookings[89]" classname="com.restful.booker.bookinginfo.CreateBookingDataDrivenTest" time="0.166"/>
  <testcase name="createMultipleBookings[74]" classname="com.restful.booker.bookinginfo.CreateBookingDataDrivenTest" time="0.199"/>
  <testcase name="createMultipleBookings[88]" classname="com.restful.booker.bookinginfo.CreateBookingDataDrivenTest" time="0.222"/>
  <testcase name="createMultipleBookings[97]" classname="com.restful.booker.bookinginfo.CreateBookingDataDrivenTest" time="0.225"/>
  <testcase name="createMultipleBookings[98]" classname="com.restful.booker.bookinginfo.CreateBookingDataDrivenTest" time="0.231"/>
  <testcase name="createMultipleBookings[73]" classname="com.restful.booker.bookinginfo.CreateBookingDataDrivenTest" time="0.244"/>
  <testcase name="createMultipleBookings[70]" classname="com.restful.booker.bookinginfo.CreateBookingDataDrivenTest" time="0.25"/>
  <testcase name="createMultipleBookings[99]" classname="com.restful.booker.bookinginfo.CreateBookingDataDrivenTest" time="0.265"/>
  <testcase name="createMultipleBookings[75]" classname="com.restful.booker.bookinginfo.CreateBookingDataDrivenTest" time="0.286"/>
  <testcase name="createMultipleBookings[77]" classname="com.restful.booker.bookinginfo.CreateBookingDataDrivenTest" time="0.339"/>
  <testcase name="createMultipleBookings[81]" classname="com.restful.booker.bookinginfo.CreateBookingDataDrivenTest" time="0.35"/>
  <testcase name="createMultipleBookings[79]" classname="com.restful.booker.bookinginfo.CreateBookingDataDrivenTest" time="0.375"/>
  <testcase name="createMultipleBookings[84]" classname="com.restful.booker.bookinginfo.CreateBookingDataDrivenTest" time="0.385"/>
  <testcase name="createMultipleBookings[83]" classname="com.restful.booker.bookinginfo.CreateBookingDataDrivenTest" time="0.39"/>
  <testcase name="createMultipleBookings[80]" classname="com.restful.booker.bookinginfo.CreateBookingDataDrivenTest" time="0.412"/>
  <testcase name="createMultipleBookings[82]" classname="com.restful.booker.bookinginfo.CreateBookingDataDrivenTest" time="0.43"/>
  <testcase name="createMultipleBookings[85]" classname="com.restful.booker.bookinginfo.CreateBookingDataDrivenTest" time="0.431"/>
  <testcase name="createMultipleBookings[92]" classname="com.restful.booker.bookinginfo.CreateBookingDataDrivenTest" time="0.48"/>
  <testcase name="createMultipleBookings[94]" classname="com.restful.booker.bookinginfo.CreateBookingDataDrivenTest" time="0.5"/>
  <testcase name="createMultipleBookings[76]" classname="com.restful.booker.bookinginfo.CreateBookingDataDrivenTest" time="0.51"/>
  <testcase name="createMultipleBookings[87]" classname="com.restful.booker.bookinginfo.CreateBookingDataDrivenTest" time="0.553"/>
  <testcase name="createMultipleBookings[91]" classname="com.restful.booker.bookinginfo.CreateBookingDataDrivenTest" time="0.572"/>
  <testcase name="createMultipleBookings[72]" classname="com.restful.booker.bookinginfo.CreateBookingDataDrivenTest" time="0.596"/>
</testsuite>